Start testing: Dec 08 16:51 台北標準時間
----------------------------------------------------------
1/9 Testing: Runs
1/9 Test: Runs
Command: "C:/Users/Darthur/projects/c++/cmaketutorial/Step7/build/Debug/Tutorial.exe" "25"
Directory: C:/Users/Darthur/projects/c++/cmaketutorial/Step7/build
"Runs" start time: Dec 08 16:51 台北標準時間
Output:
----------------------------------------------------------
Computing sqrt of 25 to be 13
Computing sqrt of 25 to be 7.46154
Computing sqrt of 25 to be 5.40603
Computing sqrt of 25 to be 5.01525
Computing sqrt of 25 to be 5.00002
Computing sqrt of 25 to be 5
Computing sqrt of 25 to be 5
Computing sqrt of 25 to be 5
Computing sqrt of 25 to be 5
Computing sqrt of 25 to be 5
The square root of 25 is 5
<end of output>
Test time =   0.04 sec
----------------------------------------------------------
Test Passed.
"Runs" end time: Dec 08 16:51 台北標準時間
"Runs" time elapsed: 00:00:00
----------------------------------------------------------

2/9 Testing: Usage
2/9 Test: Usage
Command: "C:/Users/Darthur/projects/c++/cmaketutorial/Step7/build/Debug/Tutorial.exe"
Directory: C:/Users/Darthur/projects/c++/cmaketutorial/Step7/build
"Usage" start time: Dec 08 16:51 台北標準時間
Output:
----------------------------------------------------------
C:/Users/Darthur/projects/c++/cmaketutorial/Step7/build/Debug/Tutorial.exe Version 1.0
Usage: C:/Users/Darthur/projects/c++/cmaketutorial/Step7/build/Debug/Tutorial.exe number
<end of output>
Test time =   0.01 sec
----------------------------------------------------------
Test Pass Reason:
Required regular expression found. Regex=[Usage:.*number]
"Usage" end time: Dec 08 16:51 台北標準時間
"Usage" time elapsed: 00:00:00
----------------------------------------------------------

3/9 Testing: Comp4
3/9 Test: Comp4
Command: "C:/Users/Darthur/projects/c++/cmaketutorial/Step7/build/Debug/Tutorial.exe" "4"
Directory: C:/Users/Darthur/projects/c++/cmaketutorial/Step7/build
"Comp4" start time: Dec 08 16:51 台北標準時間
Output:
----------------------------------------------------------
Use the table to help find an initial value 
Computing sqrt of 4 to be 2
Computing sqrt of 4 to be 2
Computing sqrt of 4 to be 2
Computing sqrt of 4 to be 2
Computing sqrt of 4 to be 2
Computing sqrt of 4 to be 2
Computing sqrt of 4 to be 2
Computing sqrt of 4 to be 2
Computing sqrt of 4 to be 2
Computing sqrt of 4 to be 2
The square root of 4 is 2
<end of output>
Test time =   0.01 sec
----------------------------------------------------------
Test Pass Reason:
Required regular expression found. Regex=[4 is 2]
"Comp4" end time: Dec 08 16:51 台北標準時間
"Comp4" time elapsed: 00:00:00
----------------------------------------------------------

4/9 Testing: Comp9
4/9 Test: Comp9
Command: "C:/Users/Darthur/projects/c++/cmaketutorial/Step7/build/Debug/Tutorial.exe" "9"
Directory: C:/Users/Darthur/projects/c++/cmaketutorial/Step7/build
"Comp9" start time: Dec 08 16:51 台北標準時間
Output:
----------------------------------------------------------
Use the table to help find an initial value 
Computing sqrt of 9 to be 3
Computing sqrt of 9 to be 3
Computing sqrt of 9 to be 3
Computing sqrt of 9 to be 3
Computing sqrt of 9 to be 3
Computing sqrt of 9 to be 3
Computing sqrt of 9 to be 3
Computing sqrt of 9 to be 3
Computing sqrt of 9 to be 3
Computing sqrt of 9 to be 3
The square root of 9 is 3
<end of output>
Test time =   0.01 sec
----------------------------------------------------------
Test Pass Reason:
Required regular expression found. Regex=[9 is 3]
"Comp9" end time: Dec 08 16:51 台北標準時間
"Comp9" time elapsed: 00:00:00
----------------------------------------------------------

5/9 Testing: Comp5
5/9 Test: Comp5
Command: "C:/Users/Darthur/projects/c++/cmaketutorial/Step7/build/Debug/Tutorial.exe" "5"
Directory: C:/Users/Darthur/projects/c++/cmaketutorial/Step7/build
"Comp5" start time: Dec 08 16:51 台北標準時間
Output:
----------------------------------------------------------
Use the table to help find an initial value 
Computing sqrt of 5 to be 2.23607
Computing sqrt of 5 to be 2.23607
Computing sqrt of 5 to be 2.23607
Computing sqrt of 5 to be 2.23607
Computing sqrt of 5 to be 2.23607
Computing sqrt of 5 to be 2.23607
Computing sqrt of 5 to be 2.23607
Computing sqrt of 5 to be 2.23607
Computing sqrt of 5 to be 2.23607
Computing sqrt of 5 to be 2.23607
The square root of 5 is 2.23607
<end of output>
Test time =   0.01 sec
----------------------------------------------------------
Test Pass Reason:
Required regular expression found. Regex=[5 is 2.236]
"Comp5" end time: Dec 08 16:51 台北標準時間
"Comp5" time elapsed: 00:00:00
----------------------------------------------------------

6/9 Testing: Comp7
6/9 Test: Comp7
Command: "C:/Users/Darthur/projects/c++/cmaketutorial/Step7/build/Debug/Tutorial.exe" "7"
Directory: C:/Users/Darthur/projects/c++/cmaketutorial/Step7/build
"Comp7" start time: Dec 08 16:51 台北標準時間
Output:
----------------------------------------------------------
Use the table to help find an initial value 
Computing sqrt of 7 to be 2.64575
Computing sqrt of 7 to be 2.64575
Computing sqrt of 7 to be 2.64575
Computing sqrt of 7 to be 2.64575
Computing sqrt of 7 to be 2.64575
Computing sqrt of 7 to be 2.64575
Computing sqrt of 7 to be 2.64575
Computing sqrt of 7 to be 2.64575
Computing sqrt of 7 to be 2.64575
Computing sqrt of 7 to be 2.64575
The square root of 7 is 2.64575
<end of output>
Test time =   0.01 sec
----------------------------------------------------------
Test Pass Reason:
Required regular expression found. Regex=[7 is 2.645]
"Comp7" end time: Dec 08 16:51 台北標準時間
"Comp7" time elapsed: 00:00:00
----------------------------------------------------------

7/9 Testing: Comp25
7/9 Test: Comp25
Command: "C:/Users/Darthur/projects/c++/cmaketutorial/Step7/build/Debug/Tutorial.exe" "25"
Directory: C:/Users/Darthur/projects/c++/cmaketutorial/Step7/build
"Comp25" start time: Dec 08 16:51 台北標準時間
Output:
----------------------------------------------------------
Computing sqrt of 25 to be 13
Computing sqrt of 25 to be 7.46154
Computing sqrt of 25 to be 5.40603
Computing sqrt of 25 to be 5.01525
Computing sqrt of 25 to be 5.00002
Computing sqrt of 25 to be 5
Computing sqrt of 25 to be 5
Computing sqrt of 25 to be 5
Computing sqrt of 25 to be 5
Computing sqrt of 25 to be 5
The square root of 25 is 5
<end of output>
Test time =   0.01 sec
----------------------------------------------------------
Test Pass Reason:
Required regular expression found. Regex=[25 is 5]
"Comp25" end time: Dec 08 16:51 台北標準時間
"Comp25" time elapsed: 00:00:00
----------------------------------------------------------

8/9 Testing: Comp-25
8/9 Test: Comp-25
Command: "C:/Users/Darthur/projects/c++/cmaketutorial/Step7/build/Debug/Tutorial.exe" "-25"
Directory: C:/Users/Darthur/projects/c++/cmaketutorial/Step7/build
"Comp-25" start time: Dec 08 16:51 台北標準時間
Output:
----------------------------------------------------------
The square root of -25 is 0
<end of output>
Test time =   0.01 sec
----------------------------------------------------------
Test Pass Reason:
Required regular expression found. Regex=[-25 is (-nan|nan|0)]
"Comp-25" end time: Dec 08 16:51 台北標準時間
"Comp-25" time elapsed: 00:00:00
----------------------------------------------------------

9/9 Testing: Comp0.0001
9/9 Test: Comp0.0001
Command: "C:/Users/Darthur/projects/c++/cmaketutorial/Step7/build/Debug/Tutorial.exe" "0.0001"
Directory: C:/Users/Darthur/projects/c++/cmaketutorial/Step7/build
"Comp0.0001" start time: Dec 08 16:51 台北標準時間
Output:
----------------------------------------------------------
Computing sqrt of 0.0001 to be 0.50005
Computing sqrt of 0.0001 to be 0.250125
Computing sqrt of 0.0001 to be 0.125262
Computing sqrt of 0.0001 to be 0.0630304
Computing sqrt of 0.0001 to be 0.0323084
Computing sqrt of 0.0001 to be 0.0177018
Computing sqrt of 0.0001 to be 0.0116755
Computing sqrt of 0.0001 to be 0.0101202
Computing sqrt of 0.0001 to be 0.0100007
Computing sqrt of 0.0001 to be 0.01
The square root of 0.0001 is 0.01
<end of output>
Test time =   0.01 sec
----------------------------------------------------------
Test Pass Reason:
Required regular expression found. Regex=[0.0001 is 0.01]
"Comp0.0001" end time: Dec 08 16:51 台北標準時間
"Comp0.0001" time elapsed: 00:00:00
----------------------------------------------------------

End testing: Dec 08 16:51 台北標準時間
